c:\documents\projects\cookbox_desktop\cookbox_desktop\x64\debug\vc140.pdb
c:\documents\projects\cookbox_desktop\cookbox_desktop\x64\debug\mainwindow.obj
c:\documents\projects\cookbox_desktop\cookbox_desktop\x64\debug\main.obj
c:\documents\projects\cookbox_desktop\cookbox_desktop\x64\debug\moc_mainwindow.obj
c:\documents\projects\cookbox_desktop\cookbox_desktop\x64\debug\qrc_mainwindow.obj
c:\documents\projects\cookbox_desktop\cookbox_desktop\generatedfiles\debug\moc_mainwindow.cpp
c:\documents\projects\cookbox_desktop\cookbox_desktop\generatedfiles\ui_mainwindow.h
c:\documents\projects\cookbox_desktop\cookbox_desktop\generatedfiles\qrc_mainwindow.cpp
c:\documents\projects\cookbox_desktop\x64\debug\cookbox_desktop.ilk
c:\documents\projects\cookbox_desktop\x64\debug\cookbox_desktop.exe
c:\documents\projects\cookbox_desktop\x64\debug\cookbox_desktop.pdb
c:\documents\projects\cookbox_desktop\cookbox_desktop\x64\debug\cookbox_desktop.tlog\cl.command.1.tlog
c:\documents\projects\cookbox_desktop\cookbox_desktop\x64\debug\cookbox_desktop.tlog\cl.read.1.tlog
c:\documents\projects\cookbox_desktop\cookbox_desktop\x64\debug\cookbox_desktop.tlog\cl.write.1.tlog
c:\documents\projects\cookbox_desktop\cookbox_desktop\x64\debug\cookbox_desktop.tlog\custombuild.command.1.tlog
c:\documents\projects\cookbox_desktop\cookbox_desktop\x64\debug\cookbox_desktop.tlog\custombuild.read.1.tlog
c:\documents\projects\cookbox_desktop\cookbox_desktop\x64\debug\cookbox_desktop.tlog\custombuild.write.1.tlog
c:\documents\projects\cookbox_desktop\cookbox_desktop\x64\debug\cookbox_desktop.tlog\link.command.1.tlog
c:\documents\projects\cookbox_desktop\cookbox_desktop\x64\debug\cookbox_desktop.tlog\link.read.1.tlog
c:\documents\projects\cookbox_desktop\cookbox_desktop\x64\debug\cookbox_desktop.tlog\link.write.1.tlog
